# JRE version: Java(TM) SE Runtime Environment (21.0.4+8) (build 21.0.4+8-LTS-274)
# Java VM: Java HotSpot(TM) 64-Bit Server VM (21.0.4+8-LTS-274, mixed mode, sharing, tiered, compressed oops, compressed class ptrs, g1 gc, windows-amd64)
GC Precious Log:
 CardTable entry size: 512
 Card Set container configuration: InlinePtr #cards 5 size 8 Array Of Cards #cards 12 size 40 Howl #buckets 4 coarsen threshold 1843 Howl Bitmap #cards 512 size 80 coarsen threshold 460 Card regions per heap region 1 cards per card region 2048
 CPUs: 12 total, 12 available
 Memory: 16313M
 Large Page Support: Disabled
 NUMA Support: Disabled
 Compressed Oops: Enabled (32-bit)
 Heap Region Size: 1M
 Heap Min Capacity: 8M
 Heap Initial Capacity: 256M
 Heap Max Capacity: 2G
 Pre-touch: Disabled
 Parallel Workers: 10
 Concurrent Workers: 3
 Concurrent Refinement Workers: 10
 Periodic GC: Disabled
Heap:
 garbage-first heap   total 304128K, used 209119K [0x0000000080000000, 0x0000000100000000)
  region size 1024K, 15 young (15360K), 3 survivors (3072K)
 Metaspace       used 163284K, committed 166016K, reserved 1245184K
  class space    used 21262K, committed 22656K, reserved 1048576K
GC Heap History (20 events):
Event: 16.944 GC heap before
{Heap before GC invocations=39 (full 0):
 garbage-first heap   total 261120K, used 233572K [0x0000000080000000, 0x0000000100000000)
  region size 1024K, 86 young (88064K), 11 survivors (11264K)
 Metaspace       used 133621K, committed 136000K, reserved 1179648K
  class space    used 17195K, committed 18368K, reserved 1048576K
}
Event: 16.951 GC heap after
{Heap after GC invocations=40 (full 0):
 garbage-first heap   total 261120K, used 165266K [0x0000000080000000, 0x0000000100000000)
  region size 1024K, 9 young (9216K), 9 survivors (9216K)
 Metaspace       used 133621K, committed 136000K, reserved 1179648K
  class space    used 17195K, committed 18368K, reserved 1048576K
}
Event: 17.762 GC heap before
{Heap before GC invocations=41 (full 0):
 garbage-first heap   total 286720K, used 235922K [0x0000000080000000, 0x0000000100000000)
  region size 1024K, 78 young (79872K), 9 survivors (9216K)
 Metaspace       used 138725K, committed 141184K, reserved 1179648K
  class space    used 18072K, committed 19328K, reserved 1048576K
}
Event: 17.768 GC heap after
{Heap after GC invocations=42 (full 0):
 garbage-first heap   total 286720K, used 168642K [0x0000000080000000, 0x0000000100000000)
  region size 1024K, 4 young (4096K), 4 survivors (4096K)
 Metaspace       used 138725K, committed 141184K, reserved 1179648K
  class space    used 18072K, committed 19328K, reserved 1048576K
}
Event: 18.830 GC heap before
{Heap before GC invocations=42 (full 0):
 garbage-first heap   total 286720K, used 259778K [0x0000000080000000, 0x0000000100000000)
  region size 1024K, 93 young (95232K), 4 survivors (4096K)
 Metaspace       used 145212K, committed 147776K, reserved 1179648K
  class space    used 19035K, committed 20352K, reserved 1048576K
}
Event: 18.836 GC heap after
{Heap after GC invocations=43 (full 0):
 garbage-first heap   total 286720K, used 163363K [0x0000000080000000, 0x0000000100000000)
  region size 1024K, 8 young (8192K), 8 survivors (8192K)
 Metaspace       used 145212K, committed 147776K, reserved 1179648K
  class space    used 19035K, committed 20352K, reserved 1048576K
}
Event: 19.837 GC heap before
{Heap before GC invocations=43 (full 0):
 garbage-first heap   total 286720K, used 260643K [0x0000000080000000, 0x0000000100000000)
  region size 1024K, 103 young (105472K), 8 survivors (8192K)
 Metaspace       used 152086K, committed 154688K, reserved 1245184K
  class space    used 19945K, committed 21248K, reserved 1048576K
}
Event: 19.845 GC heap after
{Heap after GC invocations=44 (full 0):
 garbage-first heap   total 286720K, used 171108K [0x0000000080000000, 0x0000000100000000)
  region size 1024K, 12 young (12288K), 12 survivors (12288K)
 Metaspace       used 152086K, committed 154688K, reserved 1245184K
  class space    used 19945K, committed 21248K, reserved 1048576K
}
Event: 20.822 GC heap before
{Heap before GC invocations=45 (full 0):
 garbage-first heap   total 286720K, used 252004K [0x0000000080000000, 0x0000000100000000)
  region size 1024K, 98 young (100352K), 12 survivors (12288K)
 Metaspace       used 157275K, committed 159936K, reserved 1245184K
  class space    used 20678K, committed 22016K, reserved 1048576K
}
Event: 20.835 GC heap after
{Heap after GC invocations=46 (full 0):
 garbage-first heap   total 286720K, used 171709K [0x0000000080000000, 0x0000000100000000)
  region size 1024K, 13 young (13312K), 13 survivors (13312K)
 Metaspace       used 157275K, committed 159936K, reserved 1245184K
  class space    used 20678K, committed 22016K, reserved 1048576K
}
Event: 21.212 GC heap before
{Heap before GC invocations=46 (full 0):
 garbage-first heap   total 286720K, used 257725K [0x0000000080000000, 0x0000000100000000)
  region size 1024K, 98 young (100352K), 13 survivors (13312K)
 Metaspace       used 157937K, committed 160576K, reserved 1245184K
  class space    used 20759K, committed 22080K, reserved 1048576K
}
Event: 21.222 GC heap after
{Heap after GC invocations=47 (full 0):
 garbage-first heap   total 286720K, used 163417K [0x0000000080000000, 0x0000000100000000)
  region size 1024K, 7 young (7168K), 7 survivors (7168K)
 Metaspace       used 157937K, committed 160576K, reserved 1245184K
  class space    used 20759K, committed 22080K, reserved 1048576K
}
Event: 21.470 GC heap before
{Heap before GC invocations=47 (full 0):
 garbage-first heap   total 286720K, used 233049K [0x0000000080000000, 0x0000000100000000)
  region size 1024K, 77 young (78848K), 7 survivors (7168K)
 Metaspace       used 158352K, committed 161024K, reserved 1245184K
  class space    used 20793K, committed 22144K, reserved 1048576K
}
Event: 21.475 GC heap after
{Heap after GC invocations=48 (full 0):
 garbage-first heap   total 286720K, used 166137K [0x0000000080000000, 0x0000000100000000)
  region size 1024K, 10 young (10240K), 10 survivors (10240K)
 Metaspace       used 158352K, committed 161024K, reserved 1245184K
  class space    used 20793K, committed 22144K, reserved 1048576K
}
Event: 21.831 GC heap before
{Heap before GC invocations=49 (full 0):
 garbage-first heap   total 299008K, used 262393K [0x0000000080000000, 0x0000000100000000)
  region size 1024K, 100 young (102400K), 10 survivors (10240K)
 Metaspace       used 160089K, committed 162752K, reserved 1245184K
  class space    used 20939K, committed 22272K, reserved 1048576K
}
Event: 21.839 GC heap after
{Heap after GC invocations=50 (full 0):
 garbage-first heap   total 299008K, used 170415K [0x0000000080000000, 0x0000000100000000)
  region size 1024K, 11 young (11264K), 11 survivors (11264K)
 Metaspace       used 160089K, committed 162752K, reserved 1245184K
  class space    used 20939K, committed 22272K, reserved 1048576K
}
Event: 22.896 GC heap before
{Heap before GC invocations=50 (full 0):
 garbage-first heap   total 299008K, used 268719K [0x0000000080000000, 0x0000000100000000)
  region size 1024K, 108 young (110592K), 11 survivors (11264K)
 Metaspace       used 163187K, committed 165888K, reserved 1245184K
  class space    used 21262K, committed 22656K, reserved 1048576K
}
Event: 22.914 GC heap after
{Heap after GC invocations=51 (full 0):
 garbage-first heap   total 304128K, used 184662K [0x0000000080000000, 0x0000000100000000)
  region size 1024K, 14 young (14336K), 14 survivors (14336K)
 Metaspace       used 163187K, committed 165888K, reserved 1245184K
  class space    used 21262K, committed 22656K, reserved 1048576K
}
Event: 22.947 GC heap before
{Heap before GC invocations=51 (full 0):
 garbage-first heap   total 304128K, used 187734K [0x0000000080000000, 0x0000000100000000)
  region size 1024K, 18 young (18432K), 14 survivors (14336K)
 Metaspace       used 163188K, committed 165888K, reserved 1245184K
  class space    used 21262K, committed 22656K, reserved 1048576K
}
Event: 22.956 GC heap after
{Heap after GC invocations=52 (full 0):
 garbage-first heap   total 304128K, used 188639K [0x0000000080000000, 0x0000000100000000)
  region size 1024K, 3 young (3072K), 3 survivors (3072K)
 Metaspace       used 163188K, committed 165888K, reserved 1245184K
  class space    used 21262K, committed 22656K, reserved 1048576K
}

